2025-11-18 04:48:42,493 - INFO - LoggerApp - ✅ LoggerApp initialized successfully.
2025-11-18 04:48:42,494 - INFO - LoggerApp - 📁 Logs folder: /home/vboxuser/mini-cloud/ryu_logs
2025-11-18 04:48:42,494 - INFO - LoggerApp - 📝 Log file created: /home/vboxuser/mini-cloud/ryu_logs/controller_log_2025-11-18_04-48-42.log
2025-11-18 04:48:42,495 - INFO - ryu.base.app_manager - instantiating app ryu-failure.py of FailureRecoveryDynamic
2025-11-18 04:48:42,495 - INFO - FailureRecoveryDynamic - ✅ Failure Recovery module loaded (Dijkstra rerouting)
2025-11-18 04:48:42,497 - INFO - ryu.base.app_manager - instantiating app ryu_host_mig.py of HostMigration
2025-11-18 04:48:42,498 - INFO - HostMigration - ✅ Host Migration module loaded (REST 8080 enabled)
2025-11-18 04:48:42,498 - INFO - ryu.base.app_manager - instantiating app ryu-autoscale.py of AutoScale
2025-11-18 04:48:42,500 - INFO - AutoScale - ✅ Realistic Auto-Scaling module loaded (REST 8080 enabled)
2025-11-18 04:48:42,500 - INFO - ryu.base.app_manager - instantiating app controller.py of SmartDCController
2025-11-18 04:48:42,500 - INFO - SmartDCController - 🚀 Smart DataCenter Controller started (OpenFlow 1.3)
2025-11-18 04:48:42,500 - INFO - ryu.base.app_manager - instantiating app ryu.controller.ofp_handler of OFPHandler
2025-11-18 04:48:42,501 - INFO - ryu.base.app_manager - instantiating app ryu.topology.switches of Switches
2025-11-18 04:48:42,516 - ERROR - ryu.lib.hub - hub: uncaught exception: Traceback (most recent call last):
  File "/home/vboxuser/mini-cloud/ryu39-env/lib/python3.9/site-packages/ryu/lib/hub.py", line 60, in _launch
    return func(*args, **kwargs)
  File "/home/vboxuser/mini-cloud/ryu39-env/lib/python3.9/site-packages/ryu/controller/controller.py", line 200, in server_loop
    server = StreamServer((CONF.ofp_listen_host,
  File "/home/vboxuser/mini-cloud/ryu39-env/lib/python3.9/site-packages/ryu/lib/hub.py", line 127, in __init__
    self.server = eventlet.listen(listen_info)
  File "/home/vboxuser/mini-cloud/ryu39-env/lib/python3.9/site-packages/eventlet/convenience.py", line 78, in listen
    sock.bind(addr)
OSError: [Errno 98] Address already in use

2025-11-18 04:48:42,517 - ERROR - ryu.lib.hub - hub: uncaught exception: Traceback (most recent call last):
  File "/home/vboxuser/mini-cloud/ryu39-env/lib/python3.9/site-packages/ryu/lib/hub.py", line 60, in _launch
    return func(*args, **kwargs)
  File "/home/vboxuser/mini-cloud/ryu39-env/lib/python3.9/site-packages/ryu/controller/controller.py", line 152, in __call__
    self.server_loop(self.ofp_tcp_listen_port,
  File "/home/vboxuser/mini-cloud/ryu39-env/lib/python3.9/site-packages/ryu/controller/controller.py", line 200, in server_loop
    server = StreamServer((CONF.ofp_listen_host,
  File "/home/vboxuser/mini-cloud/ryu39-env/lib/python3.9/site-packages/ryu/lib/hub.py", line 127, in __init__
    self.server = eventlet.listen(listen_info)
  File "/home/vboxuser/mini-cloud/ryu39-env/lib/python3.9/site-packages/eventlet/convenience.py", line 78, in listen
    sock.bind(addr)
OSError: [Errno 98] Address already in use

2025-11-18 04:48:42,518 - INFO - ryu.lib.hub - (4045) wsgi starting up on http://0.0.0.0:8080
