2025-11-19 12:53:56,124 - INFO - LoggerApp - ✅ LoggerApp initialized successfully.
2025-11-19 12:53:56,125 - INFO - LoggerApp - 📁 Logs folder: /home/vboxuser/mini-cloud/ryu_logs
2025-11-19 12:53:56,125 - INFO - LoggerApp - 📝 Log file created: /home/vboxuser/mini-cloud/ryu_logs/controller_log_2025-11-19_12-53-56.log
2025-11-19 12:53:56,125 - INFO - ryu.base.app_manager - instantiating app ryu-failure.py of FailureRecoveryDynamic
2025-11-19 12:53:56,125 - INFO - FailureRecoveryDynamic - ✅ Failure Recovery module loaded (Dijkstra rerouting)
2025-11-19 12:53:56,126 - INFO - ryu.base.app_manager - instantiating app ryu_host_mig.py of HostMigration
2025-11-19 12:53:56,126 - INFO - HostMigration - ✅ Host Migration module loaded (REST 8080 enabled)
2025-11-19 12:53:56,126 - INFO - ryu.base.app_manager - instantiating app ryu-autoscale.py of AutoScale
2025-11-19 12:53:56,126 - INFO - AutoScale - ✅ Realistic Auto-Scaling module loaded (REST 8080 enabled)
2025-11-19 12:53:56,127 - INFO - ryu.base.app_manager - instantiating app controller.py of SmartDCController
2025-11-19 12:53:56,127 - INFO - SmartDCController - 🚀 Smart DataCenter Controller started (OpenFlow 1.3)
2025-11-19 12:53:56,127 - INFO - ryu.base.app_manager - instantiating app dashboard/ryu-push.py of RyuPushLiveHosts
2025-11-19 12:53:56,127 - INFO - RyuPushLiveHosts - RyuPushLiveHosts initialized
2025-11-19 12:53:56,130 - INFO - ryu.base.app_manager - instantiating app ryu.controller.ofp_handler of OFPHandler
2025-11-19 12:53:56,131 - INFO - ryu.base.app_manager - instantiating app ryu.topology.switches of Switches
2025-11-19 12:53:56,132 - INFO - ryu.lib.hub - (6169) wsgi starting up on http://0.0.0.0:8080
2025-11-19 12:53:56,136 - INFO - RyuPushLiveHosts - Pushed to Flask: {'hosts': [], 'servers': []}
2025-11-19 12:54:01,143 - INFO - RyuPushLiveHosts - Pushed to Flask: {'hosts': [], 'servers': []}
2025-11-19 12:54:06,153 - INFO - RyuPushLiveHosts - Pushed to Flask: {'hosts': [], 'servers': []}
2025-11-19 12:54:11,166 - INFO - RyuPushLiveHosts - Pushed to Flask: {'hosts': [], 'servers': []}
